{"total": {"lines":{"total":243,"covered":216,"skipped":0,"pct":88.88},"statements":{"total":260,"covered":227,"skipped":0,"pct":87.3},"functions":{"total":59,"covered":54,"skipped":0,"pct":91.52},"branches":{"total":150,"covered":97,"skipped":0,"pct":64.66},"branchesTrue":{"total":0,"covered":0,"skipped":0,"pct":"Unknown"}}
,"/home/runner/work/svgtofont/svgtofont/src/cli.ts": {"lines":{"total":11,"covered":0,"skipped":0,"pct":0},"functions":{"total":2,"covered":0,"skipped":0,"pct":0},"statements":{"total":11,"covered":0,"skipped":0,"pct":0},"branches":{"total":6,"covered":0,"skipped":0,"pct":0}}
,"/home/runner/work/svgtofont/svgtofont/src/generate.ts": {"lines":{"total":29,"covered":29,"skipped":0,"pct":100},"functions":{"total":13,"covered":12,"skipped":0,"pct":92.3},"statements":{"total":36,"covered":35,"skipped":0,"pct":97.22},"branches":{"total":16,"covered":10,"skipped":0,"pct":62.5}}
,"/home/runner/work/svgtofont/svgtofont/src/index.ts": {"lines":{"total":81,"covered":79,"skipped":0,"pct":97.53},"functions":{"total":3,"covered":3,"skipped":0,"pct":100},"statements":{"total":85,"covered":82,"skipped":0,"pct":96.47},"branches":{"total":73,"covered":58,"skipped":0,"pct":79.45}}
,"/home/runner/work/svgtofont/svgtofont/src/utils.ts": {"lines":{"total":122,"covered":108,"skipped":0,"pct":88.52},"functions":{"total":41,"covered":39,"skipped":0,"pct":95.12},"statements":{"total":128,"covered":110,"skipped":0,"pct":85.93},"branches":{"total":55,"covered":29,"skipped":0,"pct":52.72}}
}
