{"/home/runner/work/svgtofont/svgtofont/src/cli.ts": {"path":"/home/runner/work/svgtofont/svgtofont/src/cli.ts","statementMap":{"0":{"start":{"line":8,"column":13},"end":{"line":19,"column":7}},"1":{"start":{"line":21,"column":20},"end":{"line":21,"column":68}},"2":{"start":{"line":22,"column":19},"end":{"line":22,"column":66}},"3":{"start":{"line":24,"column":0},"end":{"line":27,"column":1}},"4":{"start":{"line":25,"column":2},"end":{"line":25,"column":62}},"5":{"start":{"line":26,"column":2},"end":{"line":26,"column":17}},"6":{"start":{"line":29,"column":0},"end":{"line":31,"column":1}},"7":{"start":{"line":30,"column":2},"end":{"line":30,"column":28}},"8":{"start":{"line":33,"column":0},"end":{"line":50,"column":3}},"9":{"start":{"line":47,"column":2},"end":{"line":47,"column":23}},"10":{"start":{"line":49,"column":2},"end":{"line":49,"column":37}}},"fnMap":{"0":{"name":"(anonymous_0)","decl":{"start":{"line":46,"column":6},"end":{"line":46,"column":7}},"loc":{"start":{"line":46,"column":12},"end":{"line":48,"column":1}},"line":46},"1":{"name":"(anonymous_1)","decl":{"start":{"line":48,"column":9},"end":{"line":48,"column":10}},"loc":{"start":{"line":48,"column":18},"end":{"line":50,"column":1}},"line":48}},"branchMap":{"0":{"loc":{"start":{"line":24,"column":0},"end":{"line":27,"column":1}},"type":"if","locations":[{"start":{"line":24,"column":0},"end":{"line":27,"column":1}},{"start":{"line":24,"column":0},"end":{"line":27,"column":1}}],"line":24},"1":{"loc":{"start":{"line":29,"column":0},"end":{"line":31,"column":1}},"type":"if","locations":[{"start":{"line":29,"column":0},"end":{"line":31,"column":1}},{"start":{"line":29,"column":0},"end":{"line":31,"column":1}}],"line":29},"2":{"loc":{"start":{"line":37,"column":12},"end":{"line":37,"column":50}},"type":"binary-expr","locations":[{"start":{"line":37,"column":13},"end":{"line":37,"column":36}},{"start":{"line":37,"column":41},"end":{"line":37,"column":50}}],"line":37}},"s":{"0":0,"1":0,"2":0,"3":0,"4":0,"5":0,"6":0,"7":0,"8":0,"9":0,"10":0},"f":{"0":0,"1":0},"b":{"0":[0,0],"1":[0,0],"2":[0,0]}}
,"/home/runner/work/svgtofont/svgtofont/src/generate.ts": {"path":"/home/runner/work/svgtofont/svgtofont/src/generate.ts","statementMap":{"0":{"start":{"line":12,"column":21},"end":{"line":12,"column":48}},"1":{"start":{"line":13,"column":15},"end":{"line":13,"column":58}},"2":{"start":{"line":14,"column":18},"end":{"line":14,"column":69}},"3":{"start":{"line":15,"column":2},"end":{"line":15,"column":46}},"4":{"start":{"line":16,"column":2},"end":{"line":16,"column":17}},"5":{"start":{"line":25,"column":22},"end":{"line":25,"column":47}},"6":{"start":{"line":26,"column":2},"end":{"line":42,"column":4}},"7":{"start":{"line":28,"column":19},"end":{"line":28,"column":50}},"8":{"start":{"line":29,"column":18},"end":{"line":29,"column":52}},"9":{"start":{"line":30,"column":26},"end":{"line":38,"column":8}},"10":{"start":{"line":39,"column":28},"end":{"line":39,"column":94}},"11":{"start":{"line":39,"column":83},"end":{"line":39,"column":93}},"12":{"start":{"line":40,"column":6},"end":{"line":40,"column":49}},"13":{"start":{"line":45,"column":20},"end":{"line":51,"column":1}},"14":{"start":{"line":45,"column":54},"end":{"line":51,"column":1}},"15":{"start":{"line":57,"column":21},"end":{"line":57,"column":48}},"16":{"start":{"line":58,"column":15},"end":{"line":58,"column":57}},"17":{"start":{"line":59,"column":18},"end":{"line":59,"column":62}},"18":{"start":{"line":60,"column":2},"end":{"line":60,"column":46}},"19":{"start":{"line":61,"column":2},"end":{"line":61,"column":17}},"20":{"start":{"line":64,"column":28},"end":{"line":64,"column":144}},"21":{"start":{"line":64,"column":45},"end":{"line":64,"column":144}},"22":{"start":{"line":64,"column":79},"end":{"line":64,"column":95}},"23":{"start":{"line":64,"column":127},"end":{"line":64,"column":143}},"24":{"start":{"line":67,"column":22},"end":{"line":67,"column":47}},"25":{"start":{"line":68,"column":2},"end":{"line":90,"column":4}},"26":{"start":{"line":70,"column":19},"end":{"line":70,"column":71}},"27":{"start":{"line":71,"column":18},"end":{"line":71,"column":52}},"28":{"start":{"line":72,"column":23},"end":{"line":83,"column":8}},"29":{"start":{"line":84,"column":28},"end":{"line":84,"column":91}},"30":{"start":{"line":84,"column":80},"end":{"line":84,"column":90}},"31":{"start":{"line":85,"column":26},"end":{"line":85,"column":72}},"32":{"start":{"line":86,"column":26},"end":{"line":86,"column":81}},"33":{"start":{"line":86,"column":44},"end":{"line":86,"column":80}},"34":{"start":{"line":87,"column":6},"end":{"line":87,"column":81}},"35":{"start":{"line":88,"column":6},"end":{"line":88,"column":42}}},"fnMap":{"0":{"name":"generateIconsSource","decl":{"start":{"line":11,"column":22},"end":{"line":11,"column":41}},"loc":{"start":{"line":11,"column":73},"end":{"line":17,"column":1}},"line":11},"1":{"name":"buildPathsObject","decl":{"start":{"line":24,"column":15},"end":{"line":24,"column":31}},"loc":{"start":{"line":24,"column":81},"end":{"line":43,"column":1}},"line":24},"2":{"name":"(anonymous_2)","decl":{"start":{"line":27,"column":14},"end":{"line":27,"column":15}},"loc":{"start":{"line":27,"column":32},"end":{"line":41,"column":5}},"line":27},"3":{"name":"(anonymous_3)","decl":{"start":{"line":39,"column":78},"end":{"line":39,"column":79}},"loc":{"start":{"line":39,"column":83},"end":{"line":39,"column":93}},"line":39},"4":{"name":"(anonymous_4)","decl":{"start":{"line":45,"column":20},"end":{"line":45,"column":21}},"loc":{"start":{"line":45,"column":54},"end":{"line":51,"column":1}},"line":45},"5":{"name":"generateReactIcons","decl":{"start":{"line":56,"column":22},"end":{"line":56,"column":40}},"loc":{"start":{"line":56,"column":73},"end":{"line":62,"column":1}},"line":56},"6":{"name":"(anonymous_6)","decl":{"start":{"line":64,"column":28},"end":{"line":64,"column":29}},"loc":{"start":{"line":64,"column":45},"end":{"line":64,"column":144}},"line":64},"7":{"name":"(anonymous_7)","decl":{"start":{"line":64,"column":67},"end":{"line":64,"column":68}},"loc":{"start":{"line":64,"column":79},"end":{"line":64,"column":95}},"line":64},"8":{"name":"(anonymous_8)","decl":{"start":{"line":64,"column":115},"end":{"line":64,"column":116}},"loc":{"start":{"line":64,"column":127},"end":{"line":64,"column":143}},"line":64},"9":{"name":"outputReactFile","decl":{"start":{"line":66,"column":15},"end":{"line":66,"column":30}},"loc":{"start":{"line":66,"column":80},"end":{"line":91,"column":1}},"line":66},"10":{"name":"(anonymous_10)","decl":{"start":{"line":69,"column":14},"end":{"line":69,"column":15}},"loc":{"start":{"line":69,"column":32},"end":{"line":89,"column":5}},"line":69},"11":{"name":"(anonymous_11)","decl":{"start":{"line":84,"column":75},"end":{"line":84,"column":76}},"loc":{"start":{"line":84,"column":80},"end":{"line":84,"column":90}},"line":84},"12":{"name":"(anonymous_12)","decl":{"start":{"line":86,"column":34},"end":{"line":86,"column":35}},"loc":{"start":{"line":86,"column":44},"end":{"line":86,"column":80}},"line":86}},"branchMap":{"0":{"loc":{"start":{"line":11,"column":42},"end":{"line":11,"column":72}},"type":"default-arg","locations":[{"start":{"line":11,"column":70},"end":{"line":11,"column":72}}],"line":11},"1":{"loc":{"start":{"line":24,"column":49},"end":{"line":24,"column":79}},"type":"default-arg","locations":[{"start":{"line":24,"column":77},"end":{"line":24,"column":79}}],"line":24},"2":{"loc":{"start":{"line":25,"column":22},"end":{"line":25,"column":47}},"type":"binary-expr","locations":[{"start":{"line":25,"column":22},"end":{"line":25,"column":41}},{"start":{"line":25,"column":45},"end":{"line":25,"column":47}}],"line":25},"3":{"loc":{"start":{"line":35,"column":14},"end":{"line":35,"column":39}},"type":"binary-expr","locations":[{"start":{"line":35,"column":14},"end":{"line":35,"column":33}},{"start":{"line":35,"column":37},"end":{"line":35,"column":39}}],"line":35},"4":{"loc":{"start":{"line":39,"column":29},"end":{"line":39,"column":72}},"type":"binary-expr","locations":[{"start":{"line":39,"column":29},"end":{"line":39,"column":66}},{"start":{"line":39,"column":70},"end":{"line":39,"column":72}}],"line":39},"5":{"loc":{"start":{"line":56,"column":41},"end":{"line":56,"column":71}},"type":"default-arg","locations":[{"start":{"line":56,"column":69},"end":{"line":56,"column":71}}],"line":56},"6":{"loc":{"start":{"line":66,"column":48},"end":{"line":66,"column":78}},"type":"default-arg","locations":[{"start":{"line":66,"column":76},"end":{"line":66,"column":78}}],"line":66},"7":{"loc":{"start":{"line":67,"column":22},"end":{"line":67,"column":47}},"type":"binary-expr","locations":[{"start":{"line":67,"column":22},"end":{"line":67,"column":41}},{"start":{"line":67,"column":45},"end":{"line":67,"column":47}}],"line":67},"8":{"loc":{"start":{"line":81,"column":14},"end":{"line":81,"column":39}},"type":"binary-expr","locations":[{"start":{"line":81,"column":14},"end":{"line":81,"column":33}},{"start":{"line":81,"column":37},"end":{"line":81,"column":39}}],"line":81},"9":{"loc":{"start":{"line":84,"column":29},"end":{"line":84,"column":69}},"type":"binary-expr","locations":[{"start":{"line":84,"column":29},"end":{"line":84,"column":63}},{"start":{"line":84,"column":67},"end":{"line":84,"column":69}}],"line":84}},"s":{"0":0,"1":0,"2":0,"3":0,"4":0,"5":0,"6":0,"7":0,"8":0,"9":0,"10":0,"11":0,"12":0,"13":0,"14":0,"15":0,"16":0,"17":0,"18":0,"19":0,"20":0,"21":0,"22":0,"23":0,"24":0,"25":0,"26":0,"27":0,"28":0,"29":0,"30":0,"31":0,"32":0,"33":0,"34":0,"35":0},"f":{"0":0,"1":0,"2":0,"3":0,"4":0,"5":0,"6":0,"7":0,"8":0,"9":0,"10":0,"11":0,"12":0},"b":{"0":[0],"1":[0],"2":[0,0],"3":[0,0],"4":[0,0],"5":[0],"6":[0],"7":[0,0],"8":[0,0],"9":[0,0]}}
,"/home/runner/work/svgtofont/svgtofont/src/index.ts": {"path":"/home/runner/work/svgtofont/svgtofont/src/index.ts","statementMap":{"0":{"start":{"line":153,"column":18},"end":{"line":153,"column":58}},"1":{"start":{"line":154,"column":2},"end":{"line":159,"column":3}},"2":{"start":{"line":155,"column":16},"end":{"line":155,"column":32}},"3":{"start":{"line":156,"column":4},"end":{"line":158,"column":5}},"4":{"start":{"line":157,"column":6},"end":{"line":157,"column":48}},"5":{"start":{"line":161,"column":2},"end":{"line":161,"column":67}},"6":{"start":{"line":162,"column":2},"end":{"line":162,"column":63}},"7":{"start":{"line":163,"column":2},"end":{"line":163,"column":56}},"8":{"start":{"line":164,"column":2},"end":{"line":164,"column":42}},"9":{"start":{"line":165,"column":2},"end":{"line":165,"column":40}},"10":{"start":{"line":166,"column":2},"end":{"line":166,"column":52}},"11":{"start":{"line":167,"column":2},"end":{"line":167,"column":60}},"12":{"start":{"line":168,"column":2},"end":{"line":168,"column":55}},"13":{"start":{"line":169,"column":2},"end":{"line":169,"column":72}},"14":{"start":{"line":170,"column":19},"end":{"line":170,"column":122}},"15":{"start":{"line":172,"column":2},"end":{"line":172,"column":58}},"16":{"start":{"line":172,"column":39},"end":{"line":172,"column":58}},"17":{"start":{"line":174,"column":2},"end":{"line":299,"column":3}},"18":{"start":{"line":175,"column":4},"end":{"line":177,"column":5}},"19":{"start":{"line":176,"column":6},"end":{"line":176,"column":38}},"20":{"start":{"line":179,"column":4},"end":{"line":179,"column":37}},"21":{"start":{"line":180,"column":26},"end":{"line":180,"column":50}},"22":{"start":{"line":182,"column":30},"end":{"line":182,"column":32}},"23":{"start":{"line":183,"column":30},"end":{"line":183,"column":32}},"24":{"start":{"line":184,"column":32},"end":{"line":184,"column":34}},"25":{"start":{"line":185,"column":32},"end":{"line":185,"column":34}},"26":{"start":{"line":186,"column":31},"end":{"line":186,"column":33}},"27":{"start":{"line":187,"column":4},"end":{"line":201,"column":7}},"28":{"start":{"line":188,"column":18},"end":{"line":188,"column":37}},"29":{"start":{"line":189,"column":6},"end":{"line":189,"column":132}},"30":{"start":{"line":190,"column":6},"end":{"line":190,"column":169}},"31":{"start":{"line":191,"column":6},"end":{"line":198,"column":9}},"32":{"start":{"line":199,"column":6},"end":{"line":199,"column":123}},"33":{"start":{"line":200,"column":6},"end":{"line":200,"column":104}},"34":{"start":{"line":202,"column":16},"end":{"line":202,"column":40}},"35":{"start":{"line":203,"column":4},"end":{"line":203,"column":34}},"36":{"start":{"line":204,"column":4},"end":{"line":204,"column":35}},"37":{"start":{"line":205,"column":4},"end":{"line":205,"column":36}},"38":{"start":{"line":206,"column":4},"end":{"line":206,"column":35}},"39":{"start":{"line":208,"column":4},"end":{"line":218,"column":5}},"40":{"start":{"line":209,"column":6},"end":{"line":217,"column":9}},"41":{"start":{"line":220,"column":4},"end":{"line":222,"column":5}},"42":{"start":{"line":221,"column":6},"end":{"line":221,"column":76}},"43":{"start":{"line":224,"column":4},"end":{"line":286,"column":5}},"44":{"start":{"line":225,"column":23},"end":{"line":225,"column":58}},"45":{"start":{"line":226,"column":26},"end":{"line":226,"column":63}},"46":{"start":{"line":227,"column":24},"end":{"line":227,"column":63}},"47":{"start":{"line":228,"column":23},"end":{"line":228,"column":61}},"48":{"start":{"line":230,"column":24},"end":{"line":230,"column":110}},"49":{"start":{"line":231,"column":6},"end":{"line":236,"column":9}},"50":{"start":{"line":232,"column":22},"end":{"line":232,"column":98}},"51":{"start":{"line":233,"column":8},"end":{"line":233,"column":57}},"52":{"start":{"line":233,"column":35},"end":{"line":233,"column":57}},"53":{"start":{"line":234,"column":8},"end":{"line":234,"column":52}},"54":{"start":{"line":234,"column":32},"end":{"line":234,"column":52}},"55":{"start":{"line":235,"column":8},"end":{"line":235,"column":50}},"56":{"start":{"line":235,"column":31},"end":{"line":235,"column":50}},"57":{"start":{"line":238,"column":6},"end":{"line":238,"column":106}},"58":{"start":{"line":247,"column":10},"end":{"line":260,"column":7}},"59":{"start":{"line":262,"column":6},"end":{"line":264,"column":7}},"60":{"start":{"line":263,"column":8},"end":{"line":263,"column":73}},"61":{"start":{"line":266,"column":6},"end":{"line":270,"column":7}},"62":{"start":{"line":267,"column":8},"end":{"line":267,"column":62}},"63":{"start":{"line":269,"column":8},"end":{"line":269,"column":30}},"64":{"start":{"line":271,"column":27},"end":{"line":271,"column":79}},"65":{"start":{"line":272,"column":6},"end":{"line":272,"column":53}},"66":{"start":{"line":273,"column":6},"end":{"line":273,"column":73}},"67":{"start":{"line":275,"column":6},"end":{"line":275,"column":48}},"68":{"start":{"line":276,"column":6},"end":{"line":276,"column":33}},"69":{"start":{"line":277,"column":29},"end":{"line":277,"column":81}},"70":{"start":{"line":278,"column":6},"end":{"line":278,"column":53}},"71":{"start":{"line":279,"column":6},"end":{"line":279,"column":71}},"72":{"start":{"line":281,"column":6},"end":{"line":281,"column":47}},"73":{"start":{"line":282,"column":6},"end":{"line":282,"column":32}},"74":{"start":{"line":283,"column":28},"end":{"line":283,"column":80}},"75":{"start":{"line":284,"column":6},"end":{"line":284,"column":51}},"76":{"start":{"line":285,"column":6},"end":{"line":285,"column":71}},"77":{"start":{"line":288,"column":4},"end":{"line":291,"column":5}},"78":{"start":{"line":289,"column":22},"end":{"line":289,"column":56}},"79":{"start":{"line":290,"column":6},"end":{"line":290,"column":67}},"80":{"start":{"line":292,"column":4},"end":{"line":295,"column":5}},"81":{"start":{"line":293,"column":22},"end":{"line":293,"column":55}},"82":{"start":{"line":294,"column":6},"end":{"line":294,"column":74}},"83":{"start":{"line":298,"column":4},"end":{"line":298,"column":45}},"84":{"start":{"line":305,"column":0},"end":{"line":305,"column":36}}},"fnMap":{"0":{"name":"(anonymous_0)","decl":{"start":{"line":152,"column":15},"end":{"line":152,"column":16}},"loc":{"start":{"line":152,"column":57},"end":{"line":300,"column":1}},"line":152},"1":{"name":"(anonymous_1)","decl":{"start":{"line":187,"column":39},"end":{"line":187,"column":40}},"loc":{"start":{"line":187,"column":47},"end":{"line":201,"column":5}},"line":187},"2":{"name":"(anonymous_2)","decl":{"start":{"line":231,"column":23},"end":{"line":231,"column":24}},"loc":{"start":{"line":231,"column":40},"end":{"line":236,"column":7}},"line":231}},"branchMap":{"0":{"loc":{"start":{"line":152,"column":22},"end":{"line":152,"column":52}},"type":"default-arg","locations":[{"start":{"line":152,"column":50},"end":{"line":152,"column":52}}],"line":152},"1":{"loc":{"start":{"line":154,"column":2},"end":{"line":159,"column":3}},"type":"if","locations":[{"start":{"line":154,"column":2},"end":{"line":159,"column":3}},{"start":{"line":154,"column":2},"end":{"line":159,"column":3}}],"line":154},"2":{"loc":{"start":{"line":156,"column":4},"end":{"line":158,"column":5}},"type":"if","locations":[{"start":{"line":156,"column":4},"end":{"line":158,"column":5}},{"start":{"line":156,"column":4},"end":{"line":158,"column":5}}],"line":156},"3":{"loc":{"start":{"line":161,"column":17},"end":{"line":161,"column":66}},"type":"binary-expr","locations":[{"start":{"line":161,"column":17},"end":{"line":161,"column":29}},{"start":{"line":161,"column":33},"end":{"line":161,"column":66}}],"line":161},"4":{"loc":{"start":{"line":162,"column":16},"end":{"line":162,"column":62}},"type":"binary-expr","locations":[{"start":{"line":162,"column":16},"end":{"line":162,"column":27}},{"start":{"line":162,"column":31},"end":{"line":162,"column":62}}],"line":162},"5":{"loc":{"start":{"line":163,"column":25},"end":{"line":163,"column":55}},"type":"binary-expr","locations":[{"start":{"line":163,"column":25},"end":{"line":163,"column":45}},{"start":{"line":163,"column":49},"end":{"line":163,"column":55}}],"line":163},"6":{"loc":{"start":{"line":164,"column":20},"end":{"line":164,"column":41}},"type":"binary-expr","locations":[{"start":{"line":164,"column":20},"end":{"line":164,"column":35}},{"start":{"line":164,"column":39},"end":{"line":164,"column":41}}],"line":164},"7":{"loc":{"start":{"line":166,"column":21},"end":{"line":166,"column":51}},"type":"binary-expr","locations":[{"start":{"line":166,"column":21},"end":{"line":166,"column":37}},{"start":{"line":166,"column":41},"end":{"line":166,"column":51}}],"line":166},"8":{"loc":{"start":{"line":167,"column":29},"end":{"line":167,"column":59}},"type":"binary-expr","locations":[{"start":{"line":167,"column":29},"end":{"line":167,"column":53}},{"start":{"line":167,"column":57},"end":{"line":167,"column":59}}],"line":167},"9":{"loc":{"start":{"line":169,"column":28},"end":{"line":169,"column":71}},"type":"binary-expr","locations":[{"start":{"line":169,"column":28},"end":{"line":169,"column":51}},{"start":{"line":169,"column":55},"end":{"line":169,"column":71}}],"line":169},"10":{"loc":{"start":{"line":170,"column":19},"end":{"line":170,"column":122}},"type":"cond-expr","locations":[{"start":{"line":170,"column":93},"end":{"line":170,"column":113}},{"start":{"line":170,"column":116},"end":{"line":170,"column":122}}],"line":170},"11":{"loc":{"start":{"line":170,"column":19},"end":{"line":170,"column":90}},"type":"binary-expr","locations":[{"start":{"line":170,"column":19},"end":{"line":170,"column":30}},{"start":{"line":170,"column":34},"end":{"line":170,"column":66}},{"start":{"line":170,"column":70},"end":{"line":170,"column":90}}],"line":170},"12":{"loc":{"start":{"line":172,"column":2},"end":{"line":172,"column":58}},"type":"if","locations":[{"start":{"line":172,"column":2},"end":{"line":172,"column":58}},{"start":{"line":172,"column":2},"end":{"line":172,"column":58}}],"line":172},"13":{"loc":{"start":{"line":172,"column":6},"end":{"line":172,"column":37}},"type":"binary-expr","locations":[{"start":{"line":172,"column":6},"end":{"line":172,"column":21}},{"start":{"line":172,"column":25},"end":{"line":172,"column":37}}],"line":172},"14":{"loc":{"start":{"line":175,"column":4},"end":{"line":177,"column":5}},"type":"if","locations":[{"start":{"line":175,"column":4},"end":{"line":177,"column":5}},{"start":{"line":175,"column":4},"end":{"line":177,"column":5}}],"line":175},"15":{"loc":{"start":{"line":208,"column":4},"end":{"line":218,"column":5}},"type":"if","locations":[{"start":{"line":208,"column":4},"end":{"line":218,"column":5}},{"start":{"line":208,"column":4},"end":{"line":218,"column":5}}],"line":208},"16":{"loc":{"start":{"line":209,"column":25},"end":{"line":209,"column":84}},"type":"binary-expr","locations":[{"start":{"line":209,"column":25},"end":{"line":209,"column":47}},{"start":{"line":209,"column":51},"end":{"line":209,"column":84}}],"line":209},"17":{"loc":{"start":{"line":215,"column":16},"end":{"line":215,"column":59}},"type":"binary-expr","locations":[{"start":{"line":215,"column":16},"end":{"line":215,"column":39}},{"start":{"line":215,"column":43},"end":{"line":215,"column":59}}],"line":215},"18":{"loc":{"start":{"line":216,"column":15},"end":{"line":216,"column":73}},"type":"cond-expr","locations":[{"start":{"line":216,"column":50},"end":{"line":216,"column":52}},{"start":{"line":216,"column":55},"end":{"line":216,"column":73}}],"line":216},"19":{"loc":{"start":{"line":220,"column":4},"end":{"line":222,"column":5}},"type":"if","locations":[{"start":{"line":220,"column":4},"end":{"line":222,"column":5}},{"start":{"line":220,"column":4},"end":{"line":222,"column":5}}],"line":220},"20":{"loc":{"start":{"line":224,"column":4},"end":{"line":286,"column":5}},"type":"if","locations":[{"start":{"line":224,"column":4},"end":{"line":286,"column":5}},{"start":{"line":224,"column":4},"end":{"line":286,"column":5}}],"line":224},"21":{"loc":{"start":{"line":230,"column":24},"end":{"line":230,"column":110}},"type":"cond-expr","locations":[{"start":{"line":230,"column":67},"end":{"line":230,"column":106}},{"start":{"line":230,"column":109},"end":{"line":230,"column":110}}],"line":230},"22":{"loc":{"start":{"line":232,"column":46},"end":{"line":232,"column":97}},"type":"cond-expr","locations":[{"start":{"line":232,"column":68},"end":{"line":232,"column":80}},{"start":{"line":232,"column":83},"end":{"line":232,"column":97}}],"line":232},"23":{"loc":{"start":{"line":233,"column":8},"end":{"line":233,"column":57}},"type":"if","locations":[{"start":{"line":233,"column":8},"end":{"line":233,"column":57}},{"start":{"line":233,"column":8},"end":{"line":233,"column":57}}],"line":233},"24":{"loc":{"start":{"line":234,"column":8},"end":{"line":234,"column":52}},"type":"if","locations":[{"start":{"line":234,"column":8},"end":{"line":234,"column":52}},{"start":{"line":234,"column":8},"end":{"line":234,"column":52}}],"line":234},"25":{"loc":{"start":{"line":235,"column":8},"end":{"line":235,"column":50}},"type":"if","locations":[{"start":{"line":235,"column":8},"end":{"line":235,"column":50}},{"start":{"line":235,"column":8},"end":{"line":235,"column":50}}],"line":235},"26":{"loc":{"start":{"line":238,"column":33},"end":{"line":238,"column":105}},"type":"binary-expr","locations":[{"start":{"line":238,"column":33},"end":{"line":238,"column":57}},{"start":{"line":238,"column":61},"end":{"line":238,"column":105}}],"line":238},"27":{"loc":{"start":{"line":257,"column":18},"end":{"line":257,"column":111}},"type":"binary-expr","locations":[{"start":{"line":257,"column":19},"end":{"line":257,"column":30}},{"start":{"line":257,"column":34},"end":{"line":257,"column":66}},{"start":{"line":257,"column":70},"end":{"line":257,"column":90}},{"start":{"line":257,"column":95},"end":{"line":257,"column":111}}],"line":257},"28":{"loc":{"start":{"line":259,"column":16},"end":{"line":259,"column":57}},"type":"binary-expr","locations":[{"start":{"line":259,"column":16},"end":{"line":259,"column":37}},{"start":{"line":259,"column":41},"end":{"line":259,"column":57}}],"line":259},"29":{"loc":{"start":{"line":262,"column":6},"end":{"line":264,"column":7}},"type":"if","locations":[{"start":{"line":262,"column":6},"end":{"line":264,"column":7}},{"start":{"line":262,"column":6},"end":{"line":264,"column":7}}],"line":262},"30":{"loc":{"start":{"line":262,"column":10},"end":{"line":262,"column":122}},"type":"binary-expr","locations":[{"start":{"line":262,"column":10},"end":{"line":262,"column":30}},{"start":{"line":262,"column":34},"end":{"line":262,"column":73}},{"start":{"line":262,"column":77},"end":{"line":262,"column":122}}],"line":262},"31":{"loc":{"start":{"line":266,"column":6},"end":{"line":270,"column":7}},"type":"if","locations":[{"start":{"line":266,"column":6},"end":{"line":270,"column":7}},{"start":{"line":266,"column":6},"end":{"line":270,"column":7}}],"line":266},"32":{"loc":{"start":{"line":266,"column":10},"end":{"line":266,"column":79}},"type":"binary-expr","locations":[{"start":{"line":266,"column":10},"end":{"line":266,"column":33}},{"start":{"line":266,"column":37},"end":{"line":266,"column":79}}],"line":266},"33":{"loc":{"start":{"line":288,"column":4},"end":{"line":291,"column":5}},"type":"if","locations":[{"start":{"line":288,"column":4},"end":{"line":291,"column":5}},{"start":{"line":288,"column":4},"end":{"line":291,"column":5}}],"line":288},"34":{"loc":{"start":{"line":292,"column":4},"end":{"line":295,"column":5}},"type":"if","locations":[{"start":{"line":292,"column":4},"end":{"line":295,"column":5}},{"start":{"line":292,"column":4},"end":{"line":295,"column":5}}],"line":292}},"s":{"0":0,"1":0,"2":0,"3":0,"4":0,"5":0,"6":0,"7":0,"8":0,"9":0,"10":0,"11":0,"12":0,"13":0,"14":0,"15":0,"16":0,"17":0,"18":0,"19":0,"20":0,"21":0,"22":0,"23":0,"24":0,"25":0,"26":0,"27":0,"28":0,"29":0,"30":0,"31":0,"32":0,"33":0,"34":0,"35":0,"36":0,"37":0,"38":0,"39":0,"40":0,"41":0,"42":0,"43":0,"44":0,"45":0,"46":0,"47":0,"48":0,"49":0,"50":0,"51":0,"52":0,"53":0,"54":0,"55":0,"56":0,"57":0,"58":0,"59":0,"60":0,"61":0,"62":0,"63":0,"64":0,"65":0,"66":0,"67":0,"68":0,"69":0,"70":0,"71":0,"72":0,"73":0,"74":0,"75":0,"76":0,"77":0,"78":0,"79":0,"80":0,"81":0,"82":0,"83":0,"84":0},"f":{"0":0,"1":0,"2":0},"b":{"0":[0],"1":[0,0],"2":[0,0],"3":[0,0],"4":[0,0],"5":[0,0],"6":[0,0],"7":[0,0],"8":[0,0],"9":[0,0],"10":[0,0],"11":[0,0,0],"12":[0,0],"13":[0,0],"14":[0,0],"15":[0,0],"16":[0,0],"17":[0,0],"18":[0,0],"19":[0,0],"20":[0,0],"21":[0,0],"22":[0,0],"23":[0,0],"24":[0,0],"25":[0,0],"26":[0,0],"27":[0,0,0,0],"28":[0,0],"29":[0,0],"30":[0,0,0],"31":[0,0],"32":[0,0],"33":[0,0],"34":[0,0]}}
,"/home/runner/work/svgtofont/svgtofont/src/utils.ts": {"path":"/home/runner/work/svgtofont/svgtofont/src/utils.ts","statementMap":{"0":{"start":{"line":16,"column":41},"end":{"line":16,"column":43}},"1":{"start":{"line":21,"column":19},"end":{"line":21,"column":25}},"2":{"start":{"line":27,"column":2},"end":{"line":27,"column":37}},"3":{"start":{"line":28,"column":2},"end":{"line":28,"column":17}},"4":{"start":{"line":29,"column":2},"end":{"line":62,"column":5}},"5":{"start":{"line":31,"column":23},"end":{"line":33,"column":6}},"6":{"start":{"line":37,"column":18},"end":{"line":37,"column":48}},"7":{"start":{"line":38,"column":20},"end":{"line":38,"column":58}},"8":{"start":{"line":39,"column":6},"end":{"line":39,"column":71}},"9":{"start":{"line":40,"column":6},"end":{"line":40,"column":30}},"10":{"start":{"line":43,"column":22},"end":{"line":43,"column":72}},"11":{"start":{"line":45,"column":4},"end":{"line":54,"column":9}},"12":{"start":{"line":47,"column":8},"end":{"line":47,"column":117}},"13":{"start":{"line":48,"column":8},"end":{"line":48,"column":28}},"14":{"start":{"line":51,"column":8},"end":{"line":53,"column":9}},"15":{"start":{"line":52,"column":10},"end":{"line":52,"column":22}},"16":{"start":{"line":55,"column":4},"end":{"line":58,"column":7}},"17":{"start":{"line":56,"column":6},"end":{"line":56,"column":48}},"18":{"start":{"line":56,"column":35},"end":{"line":56,"column":48}},"19":{"start":{"line":57,"column":6},"end":{"line":57,"column":27}},"20":{"start":{"line":61,"column":4},"end":{"line":61,"column":21}},"21":{"start":{"line":70,"column":14},"end":{"line":70,"column":52}},"22":{"start":{"line":71,"column":15},"end":{"line":71,"column":17}},"23":{"start":{"line":72,"column":2},"end":{"line":74,"column":3}},"24":{"start":{"line":73,"column":4},"end":{"line":73,"column":67}},"25":{"start":{"line":76,"column":2},"end":{"line":81,"column":3}},"26":{"start":{"line":77,"column":4},"end":{"line":77,"column":84}},"27":{"start":{"line":77,"column":75},"end":{"line":77,"column":84}},"28":{"start":{"line":78,"column":4},"end":{"line":80,"column":5}},"29":{"start":{"line":79,"column":6},"end":{"line":79,"column":54}},"30":{"start":{"line":82,"column":2},"end":{"line":82,"column":16}},"31":{"start":{"line":86,"column":2},"end":{"line":88,"column":13}},"32":{"start":{"line":87,"column":20},"end":{"line":87,"column":70}},"33":{"start":{"line":100,"column":20},"end":{"line":100,"column":73}},"34":{"start":{"line":101,"column":28},"end":{"line":101,"column":62}},"35":{"start":{"line":102,"column":63},"end":{"line":102,"column":72}},"36":{"start":{"line":103,"column":20},"end":{"line":103,"column":79}},"37":{"start":{"line":104,"column":20},"end":{"line":104,"column":109}},"38":{"start":{"line":104,"column":63},"end":{"line":104,"column":108}},"39":{"start":{"line":105,"column":2},"end":{"line":113,"column":4}},"40":{"start":{"line":108,"column":28},"end":{"line":108,"column":96}},"41":{"start":{"line":110,"column":64},"end":{"line":110,"column":102}},"42":{"start":{"line":111,"column":59},"end":{"line":111,"column":70}},"43":{"start":{"line":114,"column":2},"end":{"line":114,"column":64}},"44":{"start":{"line":122,"column":16},"end":{"line":122,"column":51}},"45":{"start":{"line":123,"column":2},"end":{"line":123,"column":29}},"46":{"start":{"line":124,"column":2},"end":{"line":124,"column":19}},"47":{"start":{"line":132,"column":2},"end":{"line":144,"column":5}},"48":{"start":{"line":133,"column":4},"end":{"line":133,"column":44}},"49":{"start":{"line":134,"column":22},"end":{"line":134,"column":72}},"50":{"start":{"line":135,"column":14},"end":{"line":135,"column":115}},"51":{"start":{"line":136,"column":19},"end":{"line":136,"column":42}},"52":{"start":{"line":137,"column":4},"end":{"line":143,"column":7}},"53":{"start":{"line":138,"column":6},"end":{"line":140,"column":7}},"54":{"start":{"line":139,"column":8},"end":{"line":139,"column":27}},"55":{"start":{"line":141,"column":6},"end":{"line":141,"column":115}},"56":{"start":{"line":142,"column":6},"end":{"line":142,"column":22}},"57":{"start":{"line":151,"column":2},"end":{"line":162,"column":5}},"58":{"start":{"line":152,"column":22},"end":{"line":152,"column":72}},"59":{"start":{"line":153,"column":16},"end":{"line":153,"column":48}},"60":{"start":{"line":155,"column":4},"end":{"line":161,"column":7}},"61":{"start":{"line":156,"column":6},"end":{"line":158,"column":7}},"62":{"start":{"line":157,"column":8},"end":{"line":157,"column":27}},"63":{"start":{"line":159,"column":6},"end":{"line":159,"column":115}},"64":{"start":{"line":160,"column":6},"end":{"line":160,"column":19}},"65":{"start":{"line":169,"column":2},"end":{"line":179,"column":5}},"66":{"start":{"line":170,"column":22},"end":{"line":170,"column":73}},"67":{"start":{"line":171,"column":17},"end":{"line":171,"column":50}},"68":{"start":{"line":172,"column":4},"end":{"line":178,"column":7}},"69":{"start":{"line":173,"column":6},"end":{"line":175,"column":7}},"70":{"start":{"line":174,"column":8},"end":{"line":174,"column":27}},"71":{"start":{"line":176,"column":6},"end":{"line":176,"column":116}},"72":{"start":{"line":177,"column":6},"end":{"line":177,"column":20}},"73":{"start":{"line":186,"column":2},"end":{"line":198,"column":5}},"74":{"start":{"line":187,"column":22},"end":{"line":187,"column":74}},"75":{"start":{"line":188,"column":18},"end":{"line":188,"column":52}},"76":{"start":{"line":189,"column":4},"end":{"line":197,"column":7}},"77":{"start":{"line":190,"column":6},"end":{"line":192,"column":7}},"78":{"start":{"line":191,"column":8},"end":{"line":191,"column":27}},"79":{"start":{"line":193,"column":6},"end":{"line":193,"column":117}},"80":{"start":{"line":194,"column":6},"end":{"line":196,"column":9}},"81":{"start":{"line":205,"column":20},"end":{"line":205,"column":77}},"82":{"start":{"line":206,"column":12},"end":{"line":206,"column":160}},"83":{"start":{"line":207,"column":2},"end":{"line":229,"column":5}},"84":{"start":{"line":208,"column":4},"end":{"line":217,"column":7}},"85":{"start":{"line":209,"column":23},"end":{"line":209,"column":68}},"86":{"start":{"line":210,"column":19},"end":{"line":210,"column":51}},"87":{"start":{"line":211,"column":22},"end":{"line":211,"column":29}},"88":{"start":{"line":212,"column":25},"end":{"line":212,"column":47}},"89":{"start":{"line":213,"column":6},"end":{"line":213,"column":58}},"90":{"start":{"line":214,"column":6},"end":{"line":214,"column":70}},"91":{"start":{"line":215,"column":6},"end":{"line":215,"column":40}},"92":{"start":{"line":216,"column":6},"end":{"line":216,"column":34}},"93":{"start":{"line":219,"column":4},"end":{"line":228,"column":7}},"94":{"start":{"line":220,"column":6},"end":{"line":222,"column":7}},"95":{"start":{"line":221,"column":8},"end":{"line":221,"column":27}},"96":{"start":{"line":223,"column":6},"end":{"line":223,"column":122}},"97":{"start":{"line":224,"column":6},"end":{"line":227,"column":9}},"98":{"start":{"line":261,"column":37},"end":{"line":261,"column":39}},"99":{"start":{"line":262,"column":2},"end":{"line":298,"column":5}},"100":{"start":{"line":263,"column":4},"end":{"line":297,"column":6}},"101":{"start":{"line":268,"column":6},"end":{"line":268,"column":27}},"102":{"start":{"line":268,"column":15},"end":{"line":268,"column":27}},"103":{"start":{"line":269,"column":6},"end":{"line":275,"column":25}},"104":{"start":{"line":270,"column":8},"end":{"line":274,"column":9}},"105":{"start":{"line":271,"column":10},"end":{"line":271,"column":26}},"106":{"start":{"line":273,"column":10},"end":{"line":273,"column":37}},"107":{"start":{"line":276,"column":6},"end":{"line":278,"column":7}},"108":{"start":{"line":277,"column":8},"end":{"line":277,"column":36}},"109":{"start":{"line":279,"column":6},"end":{"line":287,"column":10}},"110":{"start":{"line":280,"column":8},"end":{"line":282,"column":9}},"111":{"start":{"line":281,"column":10},"end":{"line":281,"column":22}},"112":{"start":{"line":284,"column":28},"end":{"line":284,"column":57}},"113":{"start":{"line":285,"column":8},"end":{"line":285,"column":42}},"114":{"start":{"line":286,"column":8},"end":{"line":286,"column":27}},"115":{"start":{"line":288,"column":6},"end":{"line":294,"column":7}},"116":{"start":{"line":289,"column":23},"end":{"line":289,"column":61}},"117":{"start":{"line":290,"column":8},"end":{"line":293,"column":12}},"118":{"start":{"line":291,"column":10},"end":{"line":291,"column":71}},"119":{"start":{"line":292,"column":10},"end":{"line":292,"column":22}},"120":{"start":{"line":295,"column":6},"end":{"line":295,"column":102}},"121":{"start":{"line":295,"column":39},"end":{"line":295,"column":100}},"122":{"start":{"line":296,"column":6},"end":{"line":296,"column":28}},"123":{"start":{"line":305,"column":2},"end":{"line":310,"column":5}},"124":{"start":{"line":306,"column":4},"end":{"line":309,"column":7}},"125":{"start":{"line":307,"column":6},"end":{"line":307,"column":27}},"126":{"start":{"line":307,"column":15},"end":{"line":307,"column":27}},"127":{"start":{"line":308,"column":6},"end":{"line":308,"column":19}}},"fnMap":{"0":{"name":"createSVG","decl":{"start":{"line":26,"column":16},"end":{"line":26,"column":25}},"loc":{"start":{"line":26,"column":91},"end":{"line":63,"column":1}},"line":26},"1":{"name":"(anonymous_1)","decl":{"start":{"line":29,"column":21},"end":{"line":29,"column":22}},"loc":{"start":{"line":29,"column":42},"end":{"line":62,"column":3}},"line":29},"2":{"name":"writeFontStream","decl":{"start":{"line":35,"column":13},"end":{"line":35,"column":28}},"loc":{"start":{"line":35,"column":46},"end":{"line":41,"column":5}},"line":35},"3":{"name":"(anonymous_3)","decl":{"start":{"line":46,"column":20},"end":{"line":46,"column":21}},"loc":{"start":{"line":46,"column":26},"end":{"line":49,"column":7}},"line":46},"4":{"name":"(anonymous_4)","decl":{"start":{"line":50,"column":19},"end":{"line":50,"column":20}},"loc":{"start":{"line":50,"column":28},"end":{"line":54,"column":7}},"line":50},"5":{"name":"(anonymous_5)","decl":{"start":{"line":55,"column":40},"end":{"line":55,"column":41}},"loc":{"start":{"line":55,"column":57},"end":{"line":58,"column":5}},"line":55},"6":{"name":"filterSvgFiles","decl":{"start":{"line":69,"column":16},"end":{"line":69,"column":30}},"loc":{"start":{"line":69,"column":64},"end":{"line":83,"column":1}},"line":69},"7":{"name":"snakeToUppercase","decl":{"start":{"line":85,"column":16},"end":{"line":85,"column":32}},"loc":{"start":{"line":85,"column":46},"end":{"line":89,"column":1}},"line":85},"8":{"name":"(anonymous_8)","decl":{"start":{"line":87,"column":9},"end":{"line":87,"column":10}},"loc":{"start":{"line":87,"column":20},"end":{"line":87,"column":70}},"line":87},"9":{"name":"createTypescript","decl":{"start":{"line":99,"column":22},"end":{"line":99,"column":38}},"loc":{"start":{"line":99,"column":129},"end":{"line":115,"column":1}},"line":99},"10":{"name":"(anonymous_10)","decl":{"start":{"line":104,"column":52},"end":{"line":104,"column":53}},"loc":{"start":{"line":104,"column":63},"end":{"line":104,"column":108}},"line":104},"11":{"name":"(anonymous_11)","decl":{"start":{"line":108,"column":20},"end":{"line":108,"column":21}},"loc":{"start":{"line":108,"column":28},"end":{"line":108,"column":96}},"line":108},"12":{"name":"(anonymous_12)","decl":{"start":{"line":110,"column":56},"end":{"line":110,"column":57}},"loc":{"start":{"line":110,"column":64},"end":{"line":110,"column":102}},"line":110},"13":{"name":"(anonymous_13)","decl":{"start":{"line":111,"column":51},"end":{"line":111,"column":52}},"loc":{"start":{"line":111,"column":59},"end":{"line":111,"column":70}},"line":111},"14":{"name":"getIconUnicode","decl":{"start":{"line":121,"column":9},"end":{"line":121,"column":23}},"loc":{"start":{"line":121,"column":38},"end":{"line":125,"column":1}},"line":121},"15":{"name":"createTTF","decl":{"start":{"line":131,"column":16},"end":{"line":131,"column":25}},"loc":{"start":{"line":131,"column":75},"end":{"line":145,"column":1}},"line":131},"16":{"name":"(anonymous_16)","decl":{"start":{"line":132,"column":21},"end":{"line":132,"column":22}},"loc":{"start":{"line":132,"column":42},"end":{"line":144,"column":3}},"line":132},"17":{"name":"(anonymous_17)","decl":{"start":{"line":137,"column":36},"end":{"line":137,"column":37}},"loc":{"start":{"line":137,"column":68},"end":{"line":143,"column":5}},"line":137},"18":{"name":"createEOT","decl":{"start":{"line":150,"column":16},"end":{"line":150,"column":25}},"loc":{"start":{"line":150,"column":71},"end":{"line":163,"column":1}},"line":150},"19":{"name":"(anonymous_19)","decl":{"start":{"line":151,"column":21},"end":{"line":151,"column":22}},"loc":{"start":{"line":151,"column":42},"end":{"line":162,"column":3}},"line":151},"20":{"name":"(anonymous_20)","decl":{"start":{"line":155,"column":33},"end":{"line":155,"column":34}},"loc":{"start":{"line":155,"column":65},"end":{"line":161,"column":5}},"line":155},"21":{"name":"createWOFF","decl":{"start":{"line":168,"column":16},"end":{"line":168,"column":26}},"loc":{"start":{"line":168,"column":72},"end":{"line":180,"column":1}},"line":168},"22":{"name":"(anonymous_22)","decl":{"start":{"line":169,"column":21},"end":{"line":169,"column":22}},"loc":{"start":{"line":169,"column":42},"end":{"line":179,"column":3}},"line":169},"23":{"name":"(anonymous_23)","decl":{"start":{"line":172,"column":34},"end":{"line":172,"column":35}},"loc":{"start":{"line":172,"column":43},"end":{"line":178,"column":5}},"line":172},"24":{"name":"createWOFF2","decl":{"start":{"line":185,"column":16},"end":{"line":185,"column":27}},"loc":{"start":{"line":185,"column":73},"end":{"line":199,"column":1}},"line":185},"25":{"name":"(anonymous_25)","decl":{"start":{"line":186,"column":21},"end":{"line":186,"column":22}},"loc":{"start":{"line":186,"column":42},"end":{"line":198,"column":3}},"line":186},"26":{"name":"(anonymous_26)","decl":{"start":{"line":189,"column":35},"end":{"line":189,"column":36}},"loc":{"start":{"line":189,"column":44},"end":{"line":197,"column":5}},"line":189},"27":{"name":"createSvgSymbol","decl":{"start":{"line":204,"column":16},"end":{"line":204,"column":31}},"loc":{"start":{"line":204,"column":64},"end":{"line":230,"column":1}},"line":204},"28":{"name":"(anonymous_28)","decl":{"start":{"line":207,"column":21},"end":{"line":207,"column":22}},"loc":{"start":{"line":207,"column":42},"end":{"line":229,"column":3}},"line":207},"29":{"name":"(anonymous_29)","decl":{"start":{"line":208,"column":40},"end":{"line":208,"column":41}},"loc":{"start":{"line":208,"column":51},"end":{"line":217,"column":5}},"line":208},"30":{"name":"(anonymous_30)","decl":{"start":{"line":219,"column":43},"end":{"line":219,"column":44}},"loc":{"start":{"line":219,"column":52},"end":{"line":228,"column":5}},"line":219},"31":{"name":"copyTemplate","decl":{"start":{"line":260,"column":16},"end":{"line":260,"column":28}},"loc":{"start":{"line":260,"column":124},"end":{"line":299,"column":1}},"line":260},"32":{"name":"(anonymous_32)","decl":{"start":{"line":262,"column":21},"end":{"line":262,"column":22}},"loc":{"start":{"line":262,"column":42},"end":{"line":298,"column":3}},"line":262},"33":{"name":"(anonymous_33)","decl":{"start":{"line":267,"column":7},"end":{"line":267,"column":8}},"loc":{"start":{"line":267,"column":36},"end":{"line":297,"column":5}},"line":267},"34":{"name":"(anonymous_34)","decl":{"start":{"line":269,"column":38},"end":{"line":269,"column":39}},"loc":{"start":{"line":269,"column":50},"end":{"line":275,"column":7}},"line":269},"35":{"name":"(anonymous_35)","decl":{"start":{"line":279,"column":56},"end":{"line":279,"column":57}},"loc":{"start":{"line":279,"column":72},"end":{"line":287,"column":7}},"line":279},"36":{"name":"(anonymous_36)","decl":{"start":{"line":290,"column":43},"end":{"line":290,"column":44}},"loc":{"start":{"line":290,"column":59},"end":{"line":293,"column":9}},"line":290},"37":{"name":"(anonymous_37)","decl":{"start":{"line":295,"column":27},"end":{"line":295,"column":28}},"loc":{"start":{"line":295,"column":39},"end":{"line":295,"column":100}},"line":295},"38":{"name":"createHTML","decl":{"start":{"line":304,"column":16},"end":{"line":304,"column":26}},"loc":{"start":{"line":304,"column":99},"end":{"line":311,"column":1}},"line":304},"39":{"name":"(anonymous_39)","decl":{"start":{"line":305,"column":21},"end":{"line":305,"column":22}},"loc":{"start":{"line":305,"column":42},"end":{"line":310,"column":3}},"line":305},"40":{"name":"(anonymous_40)","decl":{"start":{"line":306,"column":43},"end":{"line":306,"column":44}},"loc":{"start":{"line":306,"column":57},"end":{"line":309,"column":5}},"line":306}},"branchMap":{"0":{"loc":{"start":{"line":26,"column":26},"end":{"line":26,"column":56}},"type":"default-arg","locations":[{"start":{"line":26,"column":54},"end":{"line":26,"column":56}}],"line":26},"1":{"loc":{"start":{"line":51,"column":8},"end":{"line":53,"column":9}},"type":"if","locations":[{"start":{"line":51,"column":8},"end":{"line":53,"column":9}},{"start":{"line":51,"column":8},"end":{"line":53,"column":9}}],"line":51},"2":{"loc":{"start":{"line":56,"column":6},"end":{"line":56,"column":48}},"type":"if","locations":[{"start":{"line":56,"column":6},"end":{"line":56,"column":48}},{"start":{"line":56,"column":6},"end":{"line":56,"column":48}}],"line":56},"3":{"loc":{"start":{"line":72,"column":2},"end":{"line":74,"column":3}},"type":"if","locations":[{"start":{"line":72,"column":2},"end":{"line":74,"column":3}},{"start":{"line":72,"column":2},"end":{"line":74,"column":3}}],"line":72},"4":{"loc":{"start":{"line":77,"column":4},"end":{"line":77,"column":84}},"type":"if","locations":[{"start":{"line":77,"column":4},"end":{"line":77,"column":84}},{"start":{"line":77,"column":4},"end":{"line":77,"column":84}}],"line":77},"5":{"loc":{"start":{"line":77,"column":8},"end":{"line":77,"column":73}},"type":"binary-expr","locations":[{"start":{"line":77,"column":8},"end":{"line":77,"column":36}},{"start":{"line":77,"column":40},"end":{"line":77,"column":73}}],"line":77},"6":{"loc":{"start":{"line":78,"column":4},"end":{"line":80,"column":5}},"type":"if","locations":[{"start":{"line":78,"column":4},"end":{"line":80,"column":5}},{"start":{"line":78,"column":4},"end":{"line":80,"column":5}}],"line":78},"7":{"loc":{"start":{"line":100,"column":20},"end":{"line":100,"column":73}},"type":"cond-expr","locations":[{"start":{"line":100,"column":50},"end":{"line":100,"column":52}},{"start":{"line":100,"column":55},"end":{"line":100,"column":73}}],"line":100},"8":{"loc":{"start":{"line":102,"column":10},"end":{"line":102,"column":28}},"type":"default-arg","locations":[{"start":{"line":102,"column":22},"end":{"line":102,"column":28}}],"line":102},"9":{"loc":{"start":{"line":102,"column":30},"end":{"line":102,"column":58}},"type":"default-arg","locations":[{"start":{"line":102,"column":41},"end":{"line":102,"column":58}}],"line":102},"10":{"loc":{"start":{"line":131,"column":26},"end":{"line":131,"column":56}},"type":"default-arg","locations":[{"start":{"line":131,"column":54},"end":{"line":131,"column":56}}],"line":131},"11":{"loc":{"start":{"line":133,"column":22},"end":{"line":133,"column":43}},"type":"binary-expr","locations":[{"start":{"line":133,"column":22},"end":{"line":133,"column":37}},{"start":{"line":133,"column":41},"end":{"line":133,"column":43}}],"line":133},"12":{"loc":{"start":{"line":138,"column":6},"end":{"line":140,"column":7}},"type":"if","locations":[{"start":{"line":138,"column":6},"end":{"line":140,"column":7}},{"start":{"line":138,"column":6},"end":{"line":140,"column":7}}],"line":138},"13":{"loc":{"start":{"line":150,"column":26},"end":{"line":150,"column":56}},"type":"default-arg","locations":[{"start":{"line":150,"column":54},"end":{"line":150,"column":56}}],"line":150},"14":{"loc":{"start":{"line":156,"column":6},"end":{"line":158,"column":7}},"type":"if","locations":[{"start":{"line":156,"column":6},"end":{"line":158,"column":7}},{"start":{"line":156,"column":6},"end":{"line":158,"column":7}}],"line":156},"15":{"loc":{"start":{"line":168,"column":27},"end":{"line":168,"column":57}},"type":"default-arg","locations":[{"start":{"line":168,"column":55},"end":{"line":168,"column":57}}],"line":168},"16":{"loc":{"start":{"line":173,"column":6},"end":{"line":175,"column":7}},"type":"if","locations":[{"start":{"line":173,"column":6},"end":{"line":175,"column":7}},{"start":{"line":173,"column":6},"end":{"line":175,"column":7}}],"line":173},"17":{"loc":{"start":{"line":185,"column":28},"end":{"line":185,"column":58}},"type":"default-arg","locations":[{"start":{"line":185,"column":56},"end":{"line":185,"column":58}}],"line":185},"18":{"loc":{"start":{"line":190,"column":6},"end":{"line":192,"column":7}},"type":"if","locations":[{"start":{"line":190,"column":6},"end":{"line":192,"column":7}},{"start":{"line":190,"column":6},"end":{"line":192,"column":7}}],"line":190},"19":{"loc":{"start":{"line":204,"column":32},"end":{"line":204,"column":62}},"type":"default-arg","locations":[{"start":{"line":204,"column":60},"end":{"line":204,"column":62}}],"line":204},"20":{"loc":{"start":{"line":220,"column":6},"end":{"line":222,"column":7}},"type":"if","locations":[{"start":{"line":220,"column":6},"end":{"line":222,"column":7}},{"start":{"line":220,"column":6},"end":{"line":222,"column":7}}],"line":220},"21":{"loc":{"start":{"line":265,"column":15},"end":{"line":265,"column":34}},"type":"binary-expr","locations":[{"start":{"line":265,"column":15},"end":{"line":265,"column":28}},{"start":{"line":265,"column":32},"end":{"line":265,"column":34}}],"line":265},"22":{"loc":{"start":{"line":266,"column":16},"end":{"line":266,"column":47}},"type":"binary-expr","locations":[{"start":{"line":266,"column":16},"end":{"line":266,"column":30}},{"start":{"line":266,"column":34},"end":{"line":266,"column":47}}],"line":266},"23":{"loc":{"start":{"line":268,"column":6},"end":{"line":268,"column":27}},"type":"if","locations":[{"start":{"line":268,"column":6},"end":{"line":268,"column":27}},{"start":{"line":268,"column":6},"end":{"line":268,"column":27}}],"line":268},"24":{"loc":{"start":{"line":270,"column":8},"end":{"line":274,"column":9}},"type":"if","locations":[{"start":{"line":270,"column":8},"end":{"line":274,"column":9}},{"start":{"line":270,"column":8},"end":{"line":274,"column":9}}],"line":270},"25":{"loc":{"start":{"line":270,"column":12},"end":{"line":270,"column":89}},"type":"binary-expr","locations":[{"start":{"line":270,"column":12},"end":{"line":270,"column":25}},{"start":{"line":270,"column":29},"end":{"line":270,"column":71}},{"start":{"line":270,"column":75},"end":{"line":270,"column":89}}],"line":270},"26":{"loc":{"start":{"line":276,"column":6},"end":{"line":278,"column":7}},"type":"if","locations":[{"start":{"line":276,"column":6},"end":{"line":278,"column":7}},{"start":{"line":276,"column":6},"end":{"line":278,"column":7}}],"line":276},"27":{"loc":{"start":{"line":280,"column":8},"end":{"line":282,"column":9}},"type":"if","locations":[{"start":{"line":280,"column":8},"end":{"line":282,"column":9}},{"start":{"line":280,"column":8},"end":{"line":282,"column":9}}],"line":280},"28":{"loc":{"start":{"line":288,"column":6},"end":{"line":294,"column":7}},"type":"if","locations":[{"start":{"line":288,"column":6},"end":{"line":294,"column":7}},{"start":{"line":288,"column":6},"end":{"line":294,"column":7}}],"line":288},"29":{"loc":{"start":{"line":307,"column":6},"end":{"line":307,"column":27}},"type":"if","locations":[{"start":{"line":307,"column":6},"end":{"line":307,"column":27}},{"start":{"line":307,"column":6},"end":{"line":307,"column":27}}],"line":307}},"s":{"0":0,"1":0,"2":0,"3":0,"4":0,"5":0,"6":0,"7":0,"8":0,"9":0,"10":0,"11":0,"12":0,"13":0,"14":0,"15":0,"16":0,"17":0,"18":0,"19":0,"20":0,"21":0,"22":0,"23":0,"24":0,"25":0,"26":0,"27":0,"28":0,"29":0,"30":0,"31":0,"32":0,"33":0,"34":0,"35":0,"36":0,"37":0,"38":0,"39":0,"40":0,"41":0,"42":0,"43":0,"44":0,"45":0,"46":0,"47":0,"48":0,"49":0,"50":0,"51":0,"52":0,"53":0,"54":0,"55":0,"56":0,"57":0,"58":0,"59":0,"60":0,"61":0,"62":0,"63":0,"64":0,"65":0,"66":0,"67":0,"68":0,"69":0,"70":0,"71":0,"72":0,"73":0,"74":0,"75":0,"76":0,"77":0,"78":0,"79":0,"80":0,"81":0,"82":0,"83":0,"84":0,"85":0,"86":0,"87":0,"88":0,"89":0,"90":0,"91":0,"92":0,"93":0,"94":0,"95":0,"96":0,"97":0,"98":0,"99":0,"100":0,"101":0,"102":0,"103":0,"104":0,"105":0,"106":0,"107":0,"108":0,"109":0,"110":0,"111":0,"112":0,"113":0,"114":0,"115":0,"116":0,"117":0,"118":0,"119":0,"120":0,"121":0,"122":0,"123":0,"124":0,"125":0,"126":0,"127":0},"f":{"0":0,"1":0,"2":0,"3":0,"4":0,"5":0,"6":0,"7":0,"8":0,"9":0,"10":0,"11":0,"12":0,"13":0,"14":0,"15":0,"16":0,"17":0,"18":0,"19":0,"20":0,"21":0,"22":0,"23":0,"24":0,"25":0,"26":0,"27":0,"28":0,"29":0,"30":0,"31":0,"32":0,"33":0,"34":0,"35":0,"36":0,"37":0,"38":0,"39":0,"40":0},"b":{"0":[0],"1":[0,0],"2":[0,0],"3":[0,0],"4":[0,0],"5":[0,0],"6":[0,0],"7":[0,0],"8":[0],"9":[0],"10":[0],"11":[0,0],"12":[0,0],"13":[0],"14":[0,0],"15":[0],"16":[0,0],"17":[0],"18":[0,0],"19":[0],"20":[0,0],"21":[0,0],"22":[0,0],"23":[0,0],"24":[0,0],"25":[0,0,0],"26":[0,0],"27":[0,0],"28":[0,0],"29":[0,0]}}
}
