TN:
SF:src/cli.ts
FN:52,(anonymous_0)
FN:54,(anonymous_1)
FNF:2
FNH:0
FNDA:0,(anonymous_0)
FNDA:0,(anonymous_1)
DA:14,0
DA:27,0
DA:28,0
DA:30,0
DA:31,0
DA:32,0
DA:35,0
DA:36,0
DA:39,0
DA:53,0
DA:55,0
LF:11
LH:0
BRDA:30,0,0,0
BRDA:30,0,1,0
BRDA:35,1,0,0
BRDA:35,1,1,0
BRDA:43,2,0,0
BRDA:43,2,1,0
BRF:6
BRH:0
end_of_record
TN:
SF:src/generate.ts
FN:11,generateIconsSource
FN:24,buildPathsObject
FN:27,(anonymous_2)
FN:39,(anonymous_3)
FN:45,(anonymous_4)
FN:51,(anonymous_5)
FN:59,generateReactIcons
FN:68,outputReactFile
FN:73,(anonymous_8)
FN:91,(anonymous_9)
FN:93,(anonymous_10)
FNF:11
FNH:11
FNDA:1,generateIconsSource
FNDA:1,buildPathsObject
FNDA:5,(anonymous_2)
FNDA:5,(anonymous_3)
FNDA:5,(anonymous_4)
FNDA:5,(anonymous_5)
FNDA:1,generateReactIcons
FNDA:1,outputReactFile
FNDA:5,(anonymous_8)
FNDA:5,(anonymous_9)
FNDA:5,(anonymous_10)
DA:12,1
DA:13,1
DA:14,1
DA:15,1
DA:16,1
DA:25,1
DA:26,1
DA:28,5
DA:29,5
DA:30,5
DA:39,5
DA:40,5
DA:45,5
DA:51,5
DA:60,1
DA:61,1
DA:62,1
DA:63,1
DA:64,1
DA:65,1
DA:69,1
DA:70,1
DA:71,1
DA:72,1
DA:74,5
DA:75,5
DA:76,0
DA:78,5
DA:79,5
DA:91,5
DA:92,5
DA:93,5
DA:94,5
DA:95,5
DA:96,5
DA:97,5
LF:36
LH:35
BRDA:11,0,0,0
BRDA:24,1,0,0
BRDA:25,2,0,1
BRDA:25,2,1,1
BRDA:35,3,0,5
BRDA:35,3,1,5
BRDA:39,4,0,5
BRDA:39,4,1,0
BRDA:59,5,0,0
BRDA:68,6,0,0
BRDA:69,7,0,1
BRDA:69,7,1,1
BRDA:70,8,0,1
BRDA:70,8,1,0
BRDA:70,9,0,1
BRDA:70,9,1,1
BRDA:70,9,2,1
BRDA:71,10,0,1
BRDA:71,10,1,0
BRDA:75,11,0,0
BRDA:75,11,1,5
BRDA:88,12,0,5
BRDA:88,12,1,5
BRDA:91,13,0,5
BRDA:91,13,1,0
BRDA:94,14,0,5
BRDA:94,14,1,0
BRF:27
BRH:17
end_of_record
TN:
SF:src/index.ts
FN:161,(anonymous_0)
FN:208,(anonymous_1)
FN:217,(anonymous_2)
FN:265,(anonymous_3)
FNF:4
FNH:4
FNDA:4,(anonymous_0)
FNDA:18,(anonymous_1)
FNDA:25,(anonymous_2)
FNDA:3,(anonymous_3)
DA:162,4
DA:163,4
DA:164,0
DA:165,0
DA:168,4
DA:169,4
DA:170,4
DA:171,4
DA:172,4
DA:174,4
DA:175,1
DA:179,4
DA:180,4
DA:181,4
DA:182,4
DA:183,4
DA:184,4
DA:185,4
DA:186,4
DA:187,4
DA:188,4
DA:189,4
DA:191,4
DA:193,4
DA:194,4
DA:195,3
DA:198,4
DA:199,4
DA:201,4
DA:202,4
DA:203,4
DA:204,4
DA:205,4
DA:206,4
DA:208,4
DA:209,18
DA:210,18
DA:211,18
DA:212,18
DA:214,18
DA:215,5
DA:216,5
DA:217,25
DA:219,13
DA:220,13
DA:223,18
DA:224,18
DA:225,18
DA:235,4
DA:236,4
DA:237,4
DA:238,4
DA:239,4
DA:241,4
DA:242,4
DA:243,4
DA:254,4
DA:255,3
DA:258,4
DA:259,1
DA:260,1
DA:261,1
DA:262,1
DA:264,1
DA:265,1
DA:266,3
DA:267,3
DA:268,3
DA:269,3
DA:272,1
DA:281,1
DA:296,1
DA:297,1
DA:300,1
DA:301,1
DA:303,0
DA:305,1
DA:306,1
DA:307,1
DA:309,1
DA:310,1
DA:311,1
DA:312,1
DA:313,1
DA:315,1
DA:316,1
DA:317,1
DA:318,1
DA:319,1
DA:322,4
DA:323,1
DA:324,1
DA:326,4
DA:327,1
DA:328,1
DA:332,0
DA:339,1
LF:97
LH:93
BRDA:161,0,0,0
BRDA:163,1,0,0
BRDA:163,1,1,4
BRDA:169,2,0,4
BRDA:169,2,1,0
BRDA:171,3,0,4
BRDA:171,3,1,0
BRDA:174,4,0,1
BRDA:174,4,1,3
BRDA:174,5,0,4
BRDA:174,5,1,1
BRDA:179,6,0,4
BRDA:179,6,1,0
BRDA:180,7,0,4
BRDA:180,7,1,0
BRDA:181,8,0,4
BRDA:181,8,1,4
BRDA:182,9,0,4
BRDA:182,9,1,4
BRDA:184,10,0,4
BRDA:184,10,1,0
BRDA:185,11,0,4
BRDA:185,11,1,3
BRDA:187,12,0,4
BRDA:187,12,1,4
BRDA:188,13,0,4
BRDA:188,13,1,3
BRDA:189,14,0,4
BRDA:189,14,1,0
BRDA:189,15,0,4
BRDA:189,15,1,4
BRDA:189,15,2,4
BRDA:191,16,0,0
BRDA:191,16,1,4
BRDA:191,17,0,4
BRDA:191,17,1,1
BRDA:194,18,0,3
BRDA:194,18,1,1
BRDA:206,19,0,4
BRDA:206,19,1,0
BRDA:214,20,0,5
BRDA:214,20,1,13
BRDA:241,21,0,4
BRDA:241,21,1,0
BRDA:242,22,0,4
BRDA:242,22,1,3
BRDA:242,23,0,2
BRDA:242,23,1,1
BRDA:250,24,0,0
BRDA:250,24,1,4
BRDA:254,25,0,3
BRDA:254,25,1,1
BRDA:258,26,0,1
BRDA:258,26,1,3
BRDA:264,27,0,1
BRDA:264,27,1,0
BRDA:266,28,0,1
BRDA:266,28,1,2
BRDA:267,29,0,1
BRDA:267,29,1,2
BRDA:268,30,0,1
BRDA:268,30,1,2
BRDA:269,31,0,1
BRDA:269,31,1,2
BRDA:272,32,0,1
BRDA:272,32,1,1
BRDA:291,33,0,1
BRDA:291,33,1,1
BRDA:291,33,2,1
BRDA:291,33,3,1
BRDA:293,34,0,1
BRDA:293,34,1,0
BRDA:296,35,0,1
BRDA:296,35,1,0
BRDA:296,36,0,1
BRDA:296,36,1,1
BRDA:296,36,2,1
BRDA:300,37,0,1
BRDA:300,37,1,0
BRDA:300,38,0,1
BRDA:300,38,1,1
BRDA:322,39,0,1
BRDA:322,39,1,3
BRDA:326,40,0,1
BRDA:326,40,1,3
BRF:85
BRH:69
end_of_record
TN:
SF:src/utils.ts
FN:26,createSVG
FN:29,(anonymous_1)
FN:35,writeFontStream
FN:46,(anonymous_3)
FN:50,(anonymous_4)
FN:55,(anonymous_5)
FN:78,(anonymous_6)
FN:81,(anonymous_7)
FN:88,filterSvgFiles
FN:104,snakeToUppercase
FN:106,(anonymous_10)
FN:118,createTypescript
FN:123,(anonymous_12)
FN:127,(anonymous_13)
FN:129,(anonymous_14)
FN:130,(anonymous_15)
FN:140,getIconUnicode
FN:150,createTTF
FN:151,(anonymous_18)
FN:156,(anonymous_19)
FN:169,createEOT
FN:170,(anonymous_21)
FN:174,(anonymous_22)
FN:187,createWOFF
FN:188,(anonymous_24)
FN:191,(anonymous_25)
FN:204,createWOFF2
FN:205,(anonymous_27)
FN:208,(anonymous_28)
FN:223,createSvgSymbol
FN:226,(anonymous_30)
FN:227,(anonymous_31)
FN:238,(anonymous_32)
FN:279,copyTemplate
FN:281,(anonymous_34)
FN:286,(anonymous_35)
FN:288,(anonymous_36)
FN:298,(anonymous_37)
FN:309,(anonymous_38)
FN:314,(anonymous_39)
FN:323,createHTML
FN:324,(anonymous_41)
FN:325,(anonymous_42)
FNF:43
FNH:41
FNDA:4,createSVG
FNDA:4,(anonymous_1)
FNDA:18,writeFontStream
FNDA:4,(anonymous_3)
FNDA:0,(anonymous_4)
FNDA:18,(anonymous_5)
FNDA:5,(anonymous_6)
FNDA:5,(anonymous_7)
FNDA:13,filterSvgFiles
FNDA:18,snakeToUppercase
FNDA:18,(anonymous_10)
FNDA:3,createTypescript
FNDA:15,(anonymous_12)
FNDA:15,(anonymous_13)
FNDA:15,(anonymous_14)
FNDA:15,(anonymous_15)
FNDA:18,getIconUnicode
FNDA:4,createTTF
FNDA:4,(anonymous_18)
FNDA:4,(anonymous_19)
FNDA:4,createEOT
FNDA:4,(anonymous_21)
FNDA:4,(anonymous_22)
FNDA:4,createWOFF
FNDA:4,(anonymous_24)
FNDA:4,(anonymous_25)
FNDA:4,createWOFF2
FNDA:4,(anonymous_27)
FNDA:4,(anonymous_28)
FNDA:4,createSvgSymbol
FNDA:4,(anonymous_30)
FNDA:18,(anonymous_31)
FNDA:4,(anonymous_32)
FNDA:4,copyTemplate
FNDA:4,(anonymous_34)
FNDA:4,(anonymous_35)
FNDA:20,(anonymous_36)
FNDA:20,(anonymous_37)
FNDA:0,(anonymous_38)
FNDA:20,(anonymous_39)
FNDA:3,createHTML
FNDA:3,(anonymous_41)
FNDA:3,(anonymous_42)
DA:16,1
DA:21,1
DA:27,4
DA:28,4
DA:29,4
DA:31,4
DA:37,18
DA:38,18
DA:39,18
DA:40,18
DA:43,4
DA:45,4
DA:47,4
DA:48,4
DA:51,0
DA:52,0
DA:55,4
DA:56,18
DA:57,18
DA:61,4
DA:78,1
DA:79,5
DA:81,5
DA:89,13
DA:90,13
DA:91,13
DA:92,0
DA:95,13
DA:96,61
DA:97,61
DA:98,61
DA:101,13
DA:105,18
DA:106,18
DA:119,3
DA:120,3
DA:121,3
DA:122,3
DA:123,15
DA:124,3
DA:127,15
DA:129,15
DA:130,15
DA:133,3
DA:141,18
DA:142,18
DA:143,18
DA:151,4
DA:152,4
DA:153,4
DA:154,4
DA:155,4
DA:156,4
DA:157,4
DA:158,0
DA:160,4
DA:161,4
DA:170,4
DA:171,4
DA:172,4
DA:174,4
DA:175,4
DA:176,0
DA:178,4
DA:179,4
DA:188,4
DA:189,4
DA:190,4
DA:191,4
DA:192,4
DA:193,0
DA:195,4
DA:196,4
DA:205,4
DA:206,4
DA:207,4
DA:208,4
DA:209,4
DA:210,0
DA:212,4
DA:213,4
DA:224,4
DA:225,4
DA:226,4
DA:227,4
DA:228,18
DA:229,18
DA:230,18
DA:231,18
DA:232,18
DA:233,18
DA:234,18
DA:235,18
DA:238,4
DA:239,4
DA:240,0
DA:242,4
DA:243,4
DA:280,4
DA:281,4
DA:282,4
DA:287,4
DA:288,4
DA:289,20
DA:290,20
DA:292,0
DA:295,4
DA:296,0
DA:298,4
DA:299,20
DA:300,15
DA:303,5
DA:304,5
DA:305,5
DA:307,4
DA:308,0
DA:309,0
DA:310,0
DA:311,0
DA:314,20
DA:315,4
DA:324,3
DA:325,3
DA:326,3
DA:327,3
LF:125
LH:111
BRDA:26,0,0,0
BRDA:51,1,0,0
BRDA:51,1,1,0
BRDA:56,2,0,0
BRDA:56,2,1,18
BRDA:91,3,0,0
BRDA:91,3,1,13
BRDA:96,4,0,0
BRDA:96,4,1,61
BRDA:96,5,0,61
BRDA:96,5,1,61
BRDA:97,6,0,61
BRDA:97,6,1,0
BRDA:119,7,0,3
BRDA:119,7,1,0
BRDA:121,8,0,3
BRDA:121,9,0,3
BRDA:141,10,0,13
BRDA:141,10,1,5
BRDA:150,11,0,0
BRDA:152,12,0,4
BRDA:152,12,1,0
BRDA:157,13,0,0
BRDA:157,13,1,4
BRDA:169,14,0,0
BRDA:175,15,0,0
BRDA:175,15,1,4
BRDA:187,16,0,0
BRDA:192,17,0,0
BRDA:192,17,1,4
BRDA:204,18,0,0
BRDA:209,19,0,0
BRDA:209,19,1,4
BRDA:223,20,0,0
BRDA:239,21,0,0
BRDA:239,21,1,4
BRDA:284,22,0,4
BRDA:284,22,1,4
BRDA:285,23,0,4
BRDA:285,23,1,4
BRDA:287,24,0,0
BRDA:287,24,1,4
BRDA:289,25,0,20
BRDA:289,25,1,0
BRDA:289,26,0,20
BRDA:289,26,1,0
BRDA:289,26,2,20
BRDA:295,27,0,0
BRDA:295,27,1,4
BRDA:299,28,0,15
BRDA:299,28,1,5
BRDA:307,29,0,0
BRDA:307,29,1,4
BRDA:326,30,0,0
BRDA:326,30,1,3
BRF:55
BRH:30
end_of_record
