TN:
SF:src/cli.ts
FN:52,(anonymous_0)
FN:54,(anonymous_1)
FNF:2
FNH:0
FNDA:0,(anonymous_0)
FNDA:0,(anonymous_1)
DA:14,0
DA:27,0
DA:28,0
DA:30,0
DA:31,0
DA:32,0
DA:35,0
DA:36,0
DA:39,0
DA:53,0
DA:55,0
LF:11
LH:0
BRDA:30,0,0,0
BRDA:30,0,1,0
BRDA:35,1,0,0
BRDA:35,1,1,0
BRDA:43,2,0,0
BRDA:43,2,1,0
BRF:6
BRH:0
end_of_record
TN:
SF:src/generate.ts
FN:11,generateIconsSource
FN:24,buildPathsObject
FN:27,(anonymous_2)
FN:39,(anonymous_3)
FN:45,(anonymous_4)
FN:56,generateReactIcons
FN:64,(anonymous_6)
FN:64,(anonymous_7)
FN:64,(anonymous_8)
FN:66,outputReactFile
FN:69,(anonymous_10)
FN:84,(anonymous_11)
FN:86,(anonymous_12)
FNF:13
FNH:12
FNDA:1,generateIconsSource
FNDA:1,buildPathsObject
FNDA:5,(anonymous_2)
FNDA:5,(anonymous_3)
FNDA:5,(anonymous_4)
FNDA:1,generateReactIcons
FNDA:5,(anonymous_6)
FNDA:0,(anonymous_7)
FNDA:5,(anonymous_8)
FNDA:1,outputReactFile
FNDA:5,(anonymous_10)
FNDA:5,(anonymous_11)
FNDA:5,(anonymous_12)
DA:12,1
DA:13,1
DA:14,1
DA:15,1
DA:16,1
DA:25,1
DA:26,1
DA:28,5
DA:29,5
DA:30,5
DA:39,5
DA:40,5
DA:45,5
DA:57,1
DA:58,1
DA:59,1
DA:60,1
DA:61,1
DA:64,5
DA:67,1
DA:68,1
DA:70,5
DA:71,5
DA:72,5
DA:84,5
DA:85,5
DA:86,5
DA:87,5
DA:88,5
LF:29
LH:29
BRDA:11,0,0,0
BRDA:24,1,0,0
BRDA:25,2,0,1
BRDA:25,2,1,1
BRDA:35,3,0,5
BRDA:35,3,1,5
BRDA:39,4,0,5
BRDA:39,4,1,0
BRDA:56,5,0,0
BRDA:66,6,0,0
BRDA:67,7,0,1
BRDA:67,7,1,1
BRDA:81,8,0,5
BRDA:81,8,1,5
BRDA:84,9,0,5
BRDA:84,9,1,0
BRF:16
BRH:10
end_of_record
TN:
SF:src/index.ts
FN:157,(anonymous_0)
FN:194,(anonymous_1)
FN:203,(anonymous_2)
FN:251,(anonymous_3)
FNF:4
FNH:4
FNDA:4,(anonymous_0)
FNDA:18,(anonymous_1)
FNDA:25,(anonymous_2)
FNDA:3,(anonymous_3)
DA:158,4
DA:159,4
DA:160,4
DA:161,4
DA:162,4
DA:166,4
DA:167,4
DA:168,4
DA:169,4
DA:170,4
DA:171,4
DA:172,4
DA:173,4
DA:174,4
DA:175,4
DA:177,4
DA:179,4
DA:180,4
DA:181,3
DA:184,4
DA:185,4
DA:187,4
DA:188,4
DA:189,4
DA:190,4
DA:191,4
DA:192,4
DA:194,4
DA:195,18
DA:196,18
DA:197,18
DA:198,18
DA:200,18
DA:201,5
DA:202,5
DA:203,25
DA:205,13
DA:206,13
DA:209,18
DA:210,18
DA:211,18
DA:221,4
DA:222,4
DA:223,4
DA:224,4
DA:225,4
DA:227,4
DA:228,4
DA:229,4
DA:240,4
DA:241,3
DA:244,4
DA:245,1
DA:246,1
DA:247,1
DA:248,1
DA:250,1
DA:251,1
DA:252,3
DA:253,3
DA:254,3
DA:255,3
DA:258,1
DA:267,1
DA:282,1
DA:283,1
DA:286,1
DA:287,1
DA:289,0
DA:291,1
DA:292,1
DA:293,1
DA:295,1
DA:296,1
DA:297,1
DA:298,1
DA:299,1
DA:301,1
DA:302,1
DA:303,1
DA:304,1
DA:305,1
DA:308,4
DA:309,1
DA:310,1
DA:312,4
DA:313,1
DA:314,1
DA:318,0
DA:325,1
LF:90
LH:88
BRDA:157,0,0,0
BRDA:159,1,0,4
BRDA:159,1,1,0
BRDA:161,2,0,4
BRDA:161,2,1,0
BRDA:166,3,0,4
BRDA:166,3,1,0
BRDA:167,4,0,4
BRDA:167,4,1,0
BRDA:168,5,0,4
BRDA:168,5,1,4
BRDA:169,6,0,4
BRDA:169,6,1,4
BRDA:171,7,0,4
BRDA:171,7,1,0
BRDA:172,8,0,4
BRDA:172,8,1,3
BRDA:174,9,0,4
BRDA:174,9,1,3
BRDA:175,10,0,4
BRDA:175,10,1,0
BRDA:175,11,0,4
BRDA:175,11,1,4
BRDA:175,11,2,4
BRDA:177,12,0,0
BRDA:177,12,1,4
BRDA:177,13,0,4
BRDA:177,13,1,1
BRDA:180,14,0,3
BRDA:180,14,1,1
BRDA:192,15,0,4
BRDA:192,15,1,0
BRDA:200,16,0,5
BRDA:200,16,1,13
BRDA:227,17,0,4
BRDA:227,17,1,0
BRDA:228,18,0,4
BRDA:228,18,1,3
BRDA:228,19,0,2
BRDA:228,19,1,1
BRDA:236,20,0,0
BRDA:236,20,1,4
BRDA:240,21,0,3
BRDA:240,21,1,1
BRDA:244,22,0,1
BRDA:244,22,1,3
BRDA:250,23,0,1
BRDA:250,23,1,0
BRDA:252,24,0,1
BRDA:252,24,1,2
BRDA:253,25,0,1
BRDA:253,25,1,2
BRDA:254,26,0,1
BRDA:254,26,1,2
BRDA:255,27,0,1
BRDA:255,27,1,2
BRDA:258,28,0,1
BRDA:258,28,1,1
BRDA:277,29,0,1
BRDA:277,29,1,1
BRDA:277,29,2,1
BRDA:277,29,3,1
BRDA:279,30,0,1
BRDA:279,30,1,0
BRDA:282,31,0,1
BRDA:282,31,1,0
BRDA:282,32,0,1
BRDA:282,32,1,1
BRDA:282,32,2,1
BRDA:286,33,0,1
BRDA:286,33,1,0
BRDA:286,34,0,1
BRDA:286,34,1,1
BRDA:308,35,0,1
BRDA:308,35,1,3
BRDA:312,36,0,1
BRDA:312,36,1,3
BRF:77
BRH:62
end_of_record
TN:
SF:src/utils.ts
FN:26,createSVG
FN:29,(anonymous_1)
FN:35,writeFontStream
FN:46,(anonymous_3)
FN:50,(anonymous_4)
FN:55,(anonymous_5)
FN:69,filterSvgFiles
FN:85,snakeToUppercase
FN:87,(anonymous_8)
FN:99,createTypescript
FN:104,(anonymous_10)
FN:108,(anonymous_11)
FN:110,(anonymous_12)
FN:111,(anonymous_13)
FN:121,getIconUnicode
FN:131,createTTF
FN:132,(anonymous_16)
FN:137,(anonymous_17)
FN:150,createEOT
FN:151,(anonymous_19)
FN:155,(anonymous_20)
FN:168,createWOFF
FN:169,(anonymous_22)
FN:172,(anonymous_23)
FN:185,createWOFF2
FN:186,(anonymous_25)
FN:189,(anonymous_26)
FN:204,createSvgSymbol
FN:207,(anonymous_28)
FN:208,(anonymous_29)
FN:219,(anonymous_30)
FN:260,copyTemplate
FN:262,(anonymous_32)
FN:267,(anonymous_33)
FN:269,(anonymous_34)
FN:279,(anonymous_35)
FN:290,(anonymous_36)
FN:295,(anonymous_37)
FN:304,createHTML
FN:305,(anonymous_39)
FN:306,(anonymous_40)
FNF:41
FNH:39
FNDA:4,createSVG
FNDA:4,(anonymous_1)
FNDA:18,writeFontStream
FNDA:4,(anonymous_3)
FNDA:0,(anonymous_4)
FNDA:18,(anonymous_5)
FNDA:13,filterSvgFiles
FNDA:18,snakeToUppercase
FNDA:18,(anonymous_8)
FNDA:3,createTypescript
FNDA:15,(anonymous_10)
FNDA:15,(anonymous_11)
FNDA:15,(anonymous_12)
FNDA:15,(anonymous_13)
FNDA:18,getIconUnicode
FNDA:4,createTTF
FNDA:4,(anonymous_16)
FNDA:4,(anonymous_17)
FNDA:4,createEOT
FNDA:4,(anonymous_19)
FNDA:4,(anonymous_20)
FNDA:4,createWOFF
FNDA:4,(anonymous_22)
FNDA:4,(anonymous_23)
FNDA:4,createWOFF2
FNDA:4,(anonymous_25)
FNDA:4,(anonymous_26)
FNDA:4,createSvgSymbol
FNDA:4,(anonymous_28)
FNDA:18,(anonymous_29)
FNDA:4,(anonymous_30)
FNDA:4,copyTemplate
FNDA:4,(anonymous_32)
FNDA:4,(anonymous_33)
FNDA:20,(anonymous_34)
FNDA:20,(anonymous_35)
FNDA:0,(anonymous_36)
FNDA:20,(anonymous_37)
FNDA:3,createHTML
FNDA:3,(anonymous_39)
FNDA:3,(anonymous_40)
DA:16,1
DA:21,1
DA:27,4
DA:28,4
DA:29,4
DA:31,4
DA:37,18
DA:38,18
DA:39,18
DA:40,18
DA:43,4
DA:45,4
DA:47,4
DA:48,4
DA:51,0
DA:52,0
DA:55,4
DA:56,18
DA:57,18
DA:61,4
DA:70,13
DA:71,13
DA:72,13
DA:73,0
DA:76,13
DA:77,61
DA:78,61
DA:79,61
DA:82,13
DA:86,18
DA:87,18
DA:100,3
DA:101,3
DA:102,3
DA:103,3
DA:104,15
DA:105,3
DA:108,15
DA:110,15
DA:111,15
DA:114,3
DA:122,18
DA:123,18
DA:124,18
DA:132,4
DA:133,4
DA:134,4
DA:135,4
DA:136,4
DA:137,4
DA:138,4
DA:139,0
DA:141,4
DA:142,4
DA:151,4
DA:152,4
DA:153,4
DA:155,4
DA:156,4
DA:157,0
DA:159,4
DA:160,4
DA:169,4
DA:170,4
DA:171,4
DA:172,4
DA:173,4
DA:174,0
DA:176,4
DA:177,4
DA:186,4
DA:187,4
DA:188,4
DA:189,4
DA:190,4
DA:191,0
DA:193,4
DA:194,4
DA:205,4
DA:206,4
DA:207,4
DA:208,4
DA:209,18
DA:210,18
DA:211,18
DA:212,18
DA:213,18
DA:214,18
DA:215,18
DA:216,18
DA:219,4
DA:220,4
DA:221,0
DA:223,4
DA:224,4
DA:261,4
DA:262,4
DA:263,4
DA:268,4
DA:269,4
DA:270,20
DA:271,20
DA:273,0
DA:276,4
DA:277,0
DA:279,4
DA:280,20
DA:281,15
DA:284,5
DA:285,5
DA:286,5
DA:288,4
DA:289,0
DA:290,0
DA:291,0
DA:292,0
DA:295,20
DA:296,4
DA:305,3
DA:306,3
DA:307,3
DA:308,3
LF:122
LH:108
BRDA:26,0,0,0
BRDA:51,1,0,0
BRDA:51,1,1,0
BRDA:56,2,0,0
BRDA:56,2,1,18
BRDA:72,3,0,0
BRDA:72,3,1,13
BRDA:77,4,0,0
BRDA:77,4,1,61
BRDA:77,5,0,61
BRDA:77,5,1,61
BRDA:78,6,0,61
BRDA:78,6,1,0
BRDA:100,7,0,3
BRDA:100,7,1,0
BRDA:102,8,0,3
BRDA:102,9,0,3
BRDA:122,10,0,13
BRDA:122,10,1,5
BRDA:131,11,0,0
BRDA:133,12,0,4
BRDA:133,12,1,0
BRDA:138,13,0,0
BRDA:138,13,1,4
BRDA:150,14,0,0
BRDA:156,15,0,0
BRDA:156,15,1,4
BRDA:168,16,0,0
BRDA:173,17,0,0
BRDA:173,17,1,4
BRDA:185,18,0,0
BRDA:190,19,0,0
BRDA:190,19,1,4
BRDA:204,20,0,0
BRDA:220,21,0,0
BRDA:220,21,1,4
BRDA:265,22,0,4
BRDA:265,22,1,4
BRDA:266,23,0,4
BRDA:266,23,1,4
BRDA:268,24,0,0
BRDA:268,24,1,4
BRDA:270,25,0,20
BRDA:270,25,1,0
BRDA:270,26,0,20
BRDA:270,26,1,0
BRDA:270,26,2,20
BRDA:276,27,0,0
BRDA:276,27,1,4
BRDA:280,28,0,15
BRDA:280,28,1,5
BRDA:288,29,0,0
BRDA:288,29,1,4
BRDA:307,30,0,0
BRDA:307,30,1,3
BRF:55
BRH:30
end_of_record
